<?xml version="1.0" encoding="UTF-8" ?>
<testsuite failures="0" time="0.123" errors="0" skipped="0" tests="2" name="com.sap.dcm.web.ui.UITextProviderTestCase">
  <properties>
    <property name="java.runtime.name" value="Java(TM) SE Runtime Environment"/>
    <property name="sun.boot.library.path" value="C:\Program Files\Java\jdk1.6.0_26\jre\bin"/>
    <property name="java.vm.version" value="20.1-b02"/>
    <property name="java.vm.vendor" value="Sun Microsystems Inc."/>
    <property name="java.vendor.url" value="http://java.sun.com/"/>
    <property name="path.separator" value=";"/>
    <property name="java.vm.name" value="Java HotSpot(TM) Client VM"/>
    <property name="file.encoding.pkg" value="sun.io"/>
    <property name="user.country" value="US"/>
    <property name="sun.java.launcher" value="SUN_STANDARD"/>
    <property name="sun.os.patch.level" value=""/>
    <property name="java.vm.specification.name" value="Java Virtual Machine Specification"/>
    <property name="user.dir" value="C:\Users\I068411\git\dcmmobile\com.sap.dcm.web.mobile"/>
    <property name="java.runtime.version" value="1.6.0_26-b03"/>
    <property name="java.awt.graphicsenv" value="sun.awt.Win32GraphicsEnvironment"/>
    <property name="basedir" value="C:\Users\I068411\git\dcmmobile\com.sap.dcm.web.mobile"/>
    <property name="java.endorsed.dirs" value="C:\Program Files\Java\jdk1.6.0_26\jre\lib\endorsed"/>
    <property name="os.arch" value="x86"/>
    <property name="surefire.real.class.path" value="C:\Users\I068411\git\dcmmobile\com.sap.dcm.web.mobile\target\surefire\surefirebooter3987140583821441524.jar"/>
    <property name="java.io.tmpdir" value="C:\Users\I068411\AppData\Local\Temp\"/>
    <property name="line.separator" value="
"/>
    <property name="java.vm.specification.vendor" value="Sun Microsystems Inc."/>
    <property name="user.variant" value=""/>
    <property name="os.name" value="Windows 7"/>
    <property name="sun.jnu.encoding" value="Cp1252"/>
    <property name="java.library.path" value="C:\Program Files\Java\jdk1.6.0_26\jre\bin;C:\Windows\Sun\Java\bin;C:\Windows\system32;C:\Windows;C:\Windows\system32;C:\Windows;C:\Windows\System32\Wbem;C:\Windows\System32\WindowsPowerShell\v1.0\;C:\Program Files\Microsoft Application Virtualization Client;C:\Program Files\Java\jdk1.6.0_26\bin;C:\Program Files\Open Text\View\bin;C:\Program Files\TortoiseSVN\bin;C:\Program Files\Git\cmd;C:\Program Files\Java\jdk1.6.0_26\bin;C:\software\apache-maven-3.0.3\bin;."/>
    <property name="surefire.test.class.path" value="C:\Users\I068411\git\dcmmobile\com.sap.dcm.web.mobile\target\test-classes;C:\Users\I068411\git\dcmmobile\com.sap.dcm.web.mobile\target\classes;C:\Users\I068411\.m2\repository\org\apache\cxf\cxf-bundle-jaxrs\2.4.0\cxf-bundle-jaxrs-2.4.0.jar;C:\Users\I068411\.m2\repository\org\apache\ws\xmlschema\xmlschema-core\2.0\xmlschema-core-2.0.jar;C:\Users\I068411\.m2\repository\org\codehaus\woodstox\woodstox-core-asl\4.1.1\woodstox-core-asl-4.1.1.jar;C:\Users\I068411\.m2\repository\org\codehaus\woodstox\stax2-api\3.1.1\stax2-api-3.1.1.jar;C:\Users\I068411\.m2\repository\org\apache\geronimo\specs\geronimo-stax-api_1.0_spec\1.0.1\geronimo-stax-api_1.0_spec-1.0.1.jar;C:\Users\I068411\.m2\repository\org\apache\geronimo\specs\geronimo-annotation_1.0_spec\1.1.1\geronimo-annotation_1.0_spec-1.1.1.jar;C:\Users\I068411\.m2\repository\javax\xml\bind\jaxb-api\2.2.1\jaxb-api-2.2.1.jar;C:\Users\I068411\.m2\repository\org\apache\neethi\neethi\3.0.0\neethi-3.0.0.jar;C:\Users\I068411\.m2\repository\wsdl4j\wsdl4j\1.6.2\wsdl4j-1.6.2.jar;C:\Users\I068411\.m2\repository\org\apache\geronimo\specs\geronimo-activation_1.1_spec\1.1\geronimo-activation_1.1_spec-1.1.jar;C:\Users\I068411\.m2\repository\com\sun\xml\bind\jaxb-impl\2.2.1.1\jaxb-impl-2.2.1.1.jar;C:\Users\I068411\.m2\repository\org\apache\geronimo\specs\geronimo-javamail_1.4_spec\1.7.1\geronimo-javamail_1.4_spec-1.7.1.jar;C:\Users\I068411\.m2\repository\aopalliance\aopalliance\1.0\aopalliance-1.0.jar;C:\Users\I068411\.m2\repository\commons-logging\commons-logging\1.1.1\commons-logging-1.1.1.jar;C:\Users\I068411\.m2\repository\org\eclipse\jetty\jetty-continuation\7.3.1.v20110307\jetty-continuation-7.3.1.v20110307.jar;C:\Users\I068411\.m2\repository\org\eclipse\jetty\jetty-http\7.3.1.v20110307\jetty-http-7.3.1.v20110307.jar;C:\Users\I068411\.m2\repository\org\eclipse\jetty\jetty-io\7.3.1.v20110307\jetty-io-7.3.1.v20110307.jar;C:\Users\I068411\.m2\repository\org\eclipse\jetty\jetty-util\7.3.1.v20110307\jetty-util-7.3.1.v20110307.jar;C:\Users\I068411\.m2\repository\org\eclipse\jetty\jetty-security\7.3.1.v20110307\jetty-security-7.3.1.v20110307.jar;C:\Users\I068411\.m2\repository\org\slf4j\slf4j-api\1.6.1\slf4j-api-1.6.1.jar;C:\Users\I068411\.m2\repository\org\apache\geronimo\specs\geronimo-servlet_3.0_spec\1.0\geronimo-servlet_3.0_spec-1.0.jar;C:\Users\I068411\.m2\repository\javax\ws\rs\jsr311-api\1.1.1\jsr311-api-1.1.1.jar;C:\Users\I068411\.m2\repository\org\codehaus\jettison\jettison\1.3\jettison-1.3.jar;C:\Users\I068411\.m2\repository\com\sap\dna\com.sap.dna.ui5\0.1.2\com.sap.dna.ui5-0.1.2.jar;C:\Users\I068411\.m2\repository\com\sap\ui5\commons\0.19.0\commons-0.19.0.jar;C:\Users\I068411\.m2\repository\com\sap\ui5\core\0.19.0\core-0.19.0.jar;C:\Users\I068411\.m2\repository\com\sap\ui5\table\0.19.0\table-0.19.0.jar;C:\Users\I068411\.m2\repository\com\sap\ui5\ux3\0.19.0\ux3-0.19.0.jar;C:\Users\I068411\.m2\repository\com\sap\ui5\themelib_sap_ux\0.19.0\themelib_sap_ux-0.19.0.jar;C:\Users\I068411\.m2\repository\com\sap\ui5\themelib_sap_goldreflection\0.19.0\themelib_sap_goldreflection-0.19.0.jar;C:\Users\I068411\.m2\repository\com\sap\ui5\resource\0.19.0\resource-0.19.0.jar;C:\Users\I068411\.m2\repository\com\sap\dna\spring\security\hana\0.5.3\hana-0.5.3.jar;C:\Users\I068411\.m2\repository\org\springframework\spring-jdbc\3.0.5.RELEASE\spring-jdbc-3.0.5.RELEASE.jar;C:\Users\I068411\.m2\repository\org\springframework\security\spring-security-core\3.0.5.RELEASE\spring-security-core-3.0.5.RELEASE.jar;C:\Users\I068411\.m2\repository\org\springframework\spring-tx\3.0.3.RELEASE\spring-tx-3.0.3.RELEASE.jar;C:\Users\I068411\.m2\repository\org\aspectj\aspectjrt\1.6.8\aspectjrt-1.6.8.jar;C:\Users\I068411\.m2\repository\org\aspectj\aspectjweaver\1.6.8\aspectjweaver-1.6.8.jar;C:\Users\I068411\.m2\repository\org\springframework\security\spring-security-web\3.0.5.RELEASE\spring-security-web-3.0.5.RELEASE.jar;C:\Users\I068411\.m2\repository\org\springframework\security\spring-security-config\3.0.5.RELEASE\spring-security-config-3.0.5.RELEASE.jar;C:\Users\I068411\.m2\repository\org\springframework\spring-web\3.0.5.RELEASE\spring-web-3.0.5.RELEASE.jar;C:\Users\I068411\.m2\repository\org\springframework\spring-beans\3.0.5.RELEASE\spring-beans-3.0.5.RELEASE.jar;C:\Users\I068411\.m2\repository\org\springframework\spring-core\3.0.5.RELEASE\spring-core-3.0.5.RELEASE.jar;C:\Users\I068411\.m2\repository\org\springframework\spring-asm\3.0.5.RELEASE\spring-asm-3.0.5.RELEASE.jar;C:\Users\I068411\.m2\repository\org\springframework\spring-context\3.0.5.RELEASE\spring-context-3.0.5.RELEASE.jar;C:\Users\I068411\.m2\repository\org\springframework\spring-aop\3.0.5.RELEASE\spring-aop-3.0.5.RELEASE.jar;C:\Users\I068411\.m2\repository\org\springframework\spring-expression\3.0.5.RELEASE\spring-expression-3.0.5.RELEASE.jar;C:\Users\I068411\.m2\repository\org\springframework\spring-oxm\3.0.5.RELEASE\spring-oxm-3.0.5.RELEASE.jar;C:\Users\I068411\.m2\repository\com\sap\org\json\json\20090211\json-20090211.jar;C:\Users\I068411\.m2\repository\log4j\log4j\1.2.15\log4j-1.2.15.jar;C:\Users\I068411\.m2\repository\com\sap\db\hdb\com.sap.db.jdbc\1.00.11.348776\com.sap.db.jdbc-1.00.11.348776.jar;C:\Users\I068411\.m2\repository\junit\junit\4.8.1\junit-4.8.1.jar;C:\Users\I068411\.m2\repository\org\mockito\mockito-all\1.8.5\mockito-all-1.8.5.jar;"/>
    <property name="java.specification.name" value="Java Platform API Specification"/>
    <property name="java.class.version" value="50.0"/>
    <property name="sun.management.compiler" value="HotSpot Client Compiler"/>
    <property name="os.version" value="6.1"/>
    <property name="user.home" value="C:\Users\I068411"/>
    <property name="user.timezone" value=""/>
    <property name="java.awt.printerjob" value="sun.awt.windows.WPrinterJob"/>
    <property name="java.specification.version" value="1.6"/>
    <property name="file.encoding" value="Cp1252"/>
    <property name="user.name" value="I068411"/>
    <property name="java.class.path" value="C:\Users\I068411\git\dcmmobile\com.sap.dcm.web.mobile\target\test-classes;C:\Users\I068411\git\dcmmobile\com.sap.dcm.web.mobile\target\classes;C:\Users\I068411\.m2\repository\org\apache\cxf\cxf-bundle-jaxrs\2.4.0\cxf-bundle-jaxrs-2.4.0.jar;C:\Users\I068411\.m2\repository\org\apache\ws\xmlschema\xmlschema-core\2.0\xmlschema-core-2.0.jar;C:\Users\I068411\.m2\repository\org\codehaus\woodstox\woodstox-core-asl\4.1.1\woodstox-core-asl-4.1.1.jar;C:\Users\I068411\.m2\repository\org\codehaus\woodstox\stax2-api\3.1.1\stax2-api-3.1.1.jar;C:\Users\I068411\.m2\repository\org\apache\geronimo\specs\geronimo-stax-api_1.0_spec\1.0.1\geronimo-stax-api_1.0_spec-1.0.1.jar;C:\Users\I068411\.m2\repository\org\apache\geronimo\specs\geronimo-annotation_1.0_spec\1.1.1\geronimo-annotation_1.0_spec-1.1.1.jar;C:\Users\I068411\.m2\repository\javax\xml\bind\jaxb-api\2.2.1\jaxb-api-2.2.1.jar;C:\Users\I068411\.m2\repository\org\apache\neethi\neethi\3.0.0\neethi-3.0.0.jar;C:\Users\I068411\.m2\repository\wsdl4j\wsdl4j\1.6.2\wsdl4j-1.6.2.jar;C:\Users\I068411\.m2\repository\org\apache\geronimo\specs\geronimo-activation_1.1_spec\1.1\geronimo-activation_1.1_spec-1.1.jar;C:\Users\I068411\.m2\repository\com\sun\xml\bind\jaxb-impl\2.2.1.1\jaxb-impl-2.2.1.1.jar;C:\Users\I068411\.m2\repository\org\apache\geronimo\specs\geronimo-javamail_1.4_spec\1.7.1\geronimo-javamail_1.4_spec-1.7.1.jar;C:\Users\I068411\.m2\repository\aopalliance\aopalliance\1.0\aopalliance-1.0.jar;C:\Users\I068411\.m2\repository\commons-logging\commons-logging\1.1.1\commons-logging-1.1.1.jar;C:\Users\I068411\.m2\repository\org\eclipse\jetty\jetty-continuation\7.3.1.v20110307\jetty-continuation-7.3.1.v20110307.jar;C:\Users\I068411\.m2\repository\org\eclipse\jetty\jetty-http\7.3.1.v20110307\jetty-http-7.3.1.v20110307.jar;C:\Users\I068411\.m2\repository\org\eclipse\jetty\jetty-io\7.3.1.v20110307\jetty-io-7.3.1.v20110307.jar;C:\Users\I068411\.m2\repository\org\eclipse\jetty\jetty-util\7.3.1.v20110307\jetty-util-7.3.1.v20110307.jar;C:\Users\I068411\.m2\repository\org\eclipse\jetty\jetty-security\7.3.1.v20110307\jetty-security-7.3.1.v20110307.jar;C:\Users\I068411\.m2\repository\org\slf4j\slf4j-api\1.6.1\slf4j-api-1.6.1.jar;C:\Users\I068411\.m2\repository\org\apache\geronimo\specs\geronimo-servlet_3.0_spec\1.0\geronimo-servlet_3.0_spec-1.0.jar;C:\Users\I068411\.m2\repository\javax\ws\rs\jsr311-api\1.1.1\jsr311-api-1.1.1.jar;C:\Users\I068411\.m2\repository\org\codehaus\jettison\jettison\1.3\jettison-1.3.jar;C:\Users\I068411\.m2\repository\com\sap\dna\com.sap.dna.ui5\0.1.2\com.sap.dna.ui5-0.1.2.jar;C:\Users\I068411\.m2\repository\com\sap\ui5\commons\0.19.0\commons-0.19.0.jar;C:\Users\I068411\.m2\repository\com\sap\ui5\core\0.19.0\core-0.19.0.jar;C:\Users\I068411\.m2\repository\com\sap\ui5\table\0.19.0\table-0.19.0.jar;C:\Users\I068411\.m2\repository\com\sap\ui5\ux3\0.19.0\ux3-0.19.0.jar;C:\Users\I068411\.m2\repository\com\sap\ui5\themelib_sap_ux\0.19.0\themelib_sap_ux-0.19.0.jar;C:\Users\I068411\.m2\repository\com\sap\ui5\themelib_sap_goldreflection\0.19.0\themelib_sap_goldreflection-0.19.0.jar;C:\Users\I068411\.m2\repository\com\sap\ui5\resource\0.19.0\resource-0.19.0.jar;C:\Users\I068411\.m2\repository\com\sap\dna\spring\security\hana\0.5.3\hana-0.5.3.jar;C:\Users\I068411\.m2\repository\org\springframework\spring-jdbc\3.0.5.RELEASE\spring-jdbc-3.0.5.RELEASE.jar;C:\Users\I068411\.m2\repository\org\springframework\security\spring-security-core\3.0.5.RELEASE\spring-security-core-3.0.5.RELEASE.jar;C:\Users\I068411\.m2\repository\org\springframework\spring-tx\3.0.3.RELEASE\spring-tx-3.0.3.RELEASE.jar;C:\Users\I068411\.m2\repository\org\aspectj\aspectjrt\1.6.8\aspectjrt-1.6.8.jar;C:\Users\I068411\.m2\repository\org\aspectj\aspectjweaver\1.6.8\aspectjweaver-1.6.8.jar;C:\Users\I068411\.m2\repository\org\springframework\security\spring-security-web\3.0.5.RELEASE\spring-security-web-3.0.5.RELEASE.jar;C:\Users\I068411\.m2\repository\org\springframework\security\spring-security-config\3.0.5.RELEASE\spring-security-config-3.0.5.RELEASE.jar;C:\Users\I068411\.m2\repository\org\springframework\spring-web\3.0.5.RELEASE\spring-web-3.0.5.RELEASE.jar;C:\Users\I068411\.m2\repository\org\springframework\spring-beans\3.0.5.RELEASE\spring-beans-3.0.5.RELEASE.jar;C:\Users\I068411\.m2\repository\org\springframework\spring-core\3.0.5.RELEASE\spring-core-3.0.5.RELEASE.jar;C:\Users\I068411\.m2\repository\org\springframework\spring-asm\3.0.5.RELEASE\spring-asm-3.0.5.RELEASE.jar;C:\Users\I068411\.m2\repository\org\springframework\spring-context\3.0.5.RELEASE\spring-context-3.0.5.RELEASE.jar;C:\Users\I068411\.m2\repository\org\springframework\spring-aop\3.0.5.RELEASE\spring-aop-3.0.5.RELEASE.jar;C:\Users\I068411\.m2\repository\org\springframework\spring-expression\3.0.5.RELEASE\spring-expression-3.0.5.RELEASE.jar;C:\Users\I068411\.m2\repository\org\springframework\spring-oxm\3.0.5.RELEASE\spring-oxm-3.0.5.RELEASE.jar;C:\Users\I068411\.m2\repository\com\sap\org\json\json\20090211\json-20090211.jar;C:\Users\I068411\.m2\repository\log4j\log4j\1.2.15\log4j-1.2.15.jar;C:\Users\I068411\.m2\repository\com\sap\db\hdb\com.sap.db.jdbc\1.00.11.348776\com.sap.db.jdbc-1.00.11.348776.jar;C:\Users\I068411\.m2\repository\junit\junit\4.8.1\junit-4.8.1.jar;C:\Users\I068411\.m2\repository\org\mockito\mockito-all\1.8.5\mockito-all-1.8.5.jar;"/>
    <property name="java.vm.specification.version" value="1.0"/>
    <property name="sun.arch.data.model" value="32"/>
    <property name="java.home" value="C:\Program Files\Java\jdk1.6.0_26\jre"/>
    <property name="sun.java.command" value="C:\Users\I068411\git\dcmmobile\com.sap.dcm.web.mobile\target\surefire\surefirebooter3987140583821441524.jar C:\Users\I068411\git\dcmmobile\com.sap.dcm.web.mobile\target\surefire\surefire8236171132848197166tmp C:\Users\I068411\git\dcmmobile\com.sap.dcm.web.mobile\target\surefire\surefire7244895253116457940tmp"/>
    <property name="java.specification.vendor" value="Sun Microsystems Inc."/>
    <property name="user.language" value="en"/>
    <property name="awt.toolkit" value="sun.awt.windows.WToolkit"/>
    <property name="java.vm.info" value="mixed mode, sharing"/>
    <property name="java.version" value="1.6.0_26"/>
    <property name="java.ext.dirs" value="C:\Program Files\Java\jdk1.6.0_26\jre\lib\ext;C:\Windows\Sun\Java\lib\ext"/>
    <property name="sun.boot.class.path" value="C:\Program Files\Java\jdk1.6.0_26\jre\lib\resources.jar;C:\Program Files\Java\jdk1.6.0_26\jre\lib\rt.jar;C:\Program Files\Java\jdk1.6.0_26\jre\lib\sunrsasign.jar;C:\Program Files\Java\jdk1.6.0_26\jre\lib\jsse.jar;C:\Program Files\Java\jdk1.6.0_26\jre\lib\jce.jar;C:\Program Files\Java\jdk1.6.0_26\jre\lib\charsets.jar;C:\Program Files\Java\jdk1.6.0_26\jre\lib\modules\jdk.boot.jar;C:\Program Files\Java\jdk1.6.0_26\jre\classes"/>
    <property name="java.vendor" value="Sun Microsystems Inc."/>
    <property name="localRepository" value="C:\Users\I068411\.m2\repository"/>
    <property name="file.separator" value="\"/>
    <property name="java.vendor.url.bug" value="http://java.sun.com/cgi-bin/bugreport.cgi"/>
    <property name="sun.cpu.endian" value="little"/>
    <property name="sun.io.unicode.encoding" value="UnicodeLittle"/>
    <property name="sun.desktop" value="windows"/>
    <property name="sun.cpu.isalist" value="pentium_pro+mmx pentium_pro pentium+mmx pentium i486 i386 i86"/>
  </properties>
  <testcase time="0.026" classname="com.sap.dcm.web.ui.UITextProviderTestCase" name="testEnglish"/>
  <testcase time="0" classname="com.sap.dcm.web.ui.UITextProviderTestCase" name="testInvalidKey"/>
</testsuite>